<?xml version="1.0" encoding="UTF-8"?>
<testng-results ignored="0" total="1" passed="1" failed="0" skipped="0">
  <reporter-output>
  </reporter-output>
  <suite started-at="2024-01-16T21:27:12 IST" name="Default suite" finished-at="2024-01-16T21:27:12 IST" duration-ms="162">
    <groups>
    </groups>
    <test started-at="2024-01-16T21:27:12 IST" name="Default test" finished-at="2024-01-16T21:27:12 IST" duration-ms="162">
      <class name="TestNgdemo">
        <test-method signature="f()[pri:0, instance:TestNgdemo@245b4bdc]" started-at="2024-01-16T21:27:12 IST" name="f" finished-at="2024-01-16T21:27:12 IST" duration-ms="38" status="PASS">
          <reporter-output>
          </reporter-output>
        </test-method> <!-- f -->
      </class> <!-- TestNgdemo -->
    </test> <!-- Default test -->
  </suite> <!-- Default suite -->
</testng-results>
